Arguments: 
  /home/joeky/node/bin/node /home/joeky/node/bin/yarn config list

PATH: 
  /home/joeky/zulu/bin:/home/joeky/node/bin:/home/joeky/Miniconda3/bin:/home/joeky/Miniconda2/bin:/home/joeky/bin:/usr/local/bin:/usr/bin:/bin:/usr/local/games:/usr/games:/sbin:/usr/sbin:/home/joeky/bin:/sbin

Yarn version: 
  1.6.0

Node version: 
  10.1.0

Platform: 
  linux x64

Trace: 
  SyntaxError: Invalid value type 2:0 in /home/joeky/.yarnrc
      at Parser.unexpected (/home/joeky/node/lib/node_modules/yarn/lib/cli.js:62287:11)
      at Parser.parse (/home/joeky/node/lib/node_modules/yarn/lib/cli.js:62415:16)
      at parse (/home/joeky/node/lib/node_modules/yarn/lib/cli.js:62489:17)
      at module.exports.exports.default (/home/joeky/node/lib/node_modules/yarn/lib/cli.js:62053:96)
      at YarnRegistry.<anonymous> (/home/joeky/node/lib/node_modules/yarn/lib/cli.js:92745:64)
      at Generator.next (<anonymous>)
      at step (/home/joeky/node/lib/node_modules/yarn/lib/cli.js:98:30)
      at /home/joeky/node/lib/node_modules/yarn/lib/cli.js:109:13

npm manifest: 
  No manifest

yarn manifest: 
  No manifest

Lockfile: 
  No lockfile
